2023-04-12 13:02:54,139 ERROR [main] - Statistics - Statistics file `C:\Users\javier.puente.ext\.scalaide\statistics` is corrupted. A new one is being created. Corrupted content was:

com.cedarsoftware.util.io.JsonIoException: error parsing JSON value
	at com.cedarsoftware.util.io.JsonReader.readObject(JsonReader.java:529)
	at com.cedarsoftware.util.io.JsonReader.jsonToJava(JsonReader.java:289)
	at com.cedarsoftware.util.io.JsonReader.jsonToJava(JsonReader.java:262)
	at org.scalaide.core.internal.statistics.Statistics.read(Statistics.scala:74)
	at org.scalaide.core.internal.statistics.Statistics.$anonfun$readStats$1(Statistics.scala:52)
	at org.scalaide.core.internal.statistics.Statistics.$anonfun$readStats$1$adapted(Statistics.scala:51)
	at org.scalaide.core.ScalaIdeDataStore$.$anonfun$validate$2(ScalaIdeDataStore.scala:59)
	at org.scalaide.util.eclipse.EclipseUtils$$anon$3.run(EclipseUtils.scala:230)
	at org.eclipse.core.runtime.SafeRunner.run(SafeRunner.java:42)
	at org.scalaide.util.eclipse.EclipseUtils$.withSafeRunner(EclipseUtils.scala:226)
	at org.scalaide.core.ScalaIdeDataStore$.validate(ScalaIdeDataStore.scala:59)
	at org.scalaide.core.internal.statistics.Statistics.readStats(Statistics.scala:51)
	at org.scalaide.core.internal.statistics.Statistics.<init>(Statistics.scala:30)
	at org.scalaide.core.internal.ScalaPlugin.stats$lzycompute(ScalaPlugin.scala:135)
	at org.scalaide.core.internal.ScalaPlugin.stats(ScalaPlugin.scala:135)
	at org.scalaide.core.internal.ScalaPlugin.statistics(ScalaPlugin.scala:138)
	at org.scalaide.core.internal.ScalaPlugin.start(ScalaPlugin.scala:109)
	at org.eclipse.osgi.internal.framework.BundleContextImpl$3.run(BundleContextImpl.java:779)
	at org.eclipse.osgi.internal.framework.BundleContextImpl$3.run(BundleContextImpl.java:1)
	at java.security.AccessController.doPrivileged(Native Method)
	at org.eclipse.osgi.internal.framework.BundleContextImpl.startActivator(BundleContextImpl.java:772)
	at org.eclipse.osgi.internal.framework.BundleContextImpl.start(BundleContextImpl.java:729)
	at org.eclipse.osgi.internal.framework.EquinoxBundle.startWorker0(EquinoxBundle.java:933)
	at org.eclipse.osgi.internal.framework.EquinoxBundle$EquinoxModule.startWorker(EquinoxBundle.java:309)
	at org.eclipse.osgi.container.Module.doStart(Module.java:581)
	at org.eclipse.osgi.container.Module.start(Module.java:449)
	at org.eclipse.osgi.framework.util.SecureAction.start(SecureAction.java:468)
	at org.eclipse.osgi.internal.hooks.EclipseLazyStarter.postFindLocalClass(EclipseLazyStarter.java:103)
	at org.eclipse.osgi.internal.loader.classpath.ClasspathManager.findLocalClass(ClasspathManager.java:529)
	at org.eclipse.osgi.internal.loader.ModuleClassLoader.findLocalClass(ModuleClassLoader.java:328)
	at org.eclipse.osgi.internal.loader.BundleLoader.findLocalClass(BundleLoader.java:368)
	at org.eclipse.osgi.internal.loader.BundleLoader.findClassInternal(BundleLoader.java:446)
	at org.eclipse.osgi.internal.loader.BundleLoader.findClass(BundleLoader.java:395)
	at org.eclipse.osgi.internal.loader.BundleLoader.findClass(BundleLoader.java:387)
	at org.eclipse.osgi.internal.loader.ModuleClassLoader.loadClass(ModuleClassLoader.java:150)
	at java.lang.ClassLoader.loadClass(Unknown Source)
	at org.eclipse.osgi.internal.framework.EquinoxBundle.loadClass(EquinoxBundle.java:564)
	at org.eclipse.core.internal.registry.osgi.RegistryStrategyOSGI.createExecutableExtension(RegistryStrategyOSGI.java:174)
	at org.eclipse.core.internal.registry.ExtensionRegistry.createExecutableExtension(ExtensionRegistry.java:905)
	at org.eclipse.core.internal.registry.ConfigurationElement.createExecutableExtension(ConfigurationElement.java:243)
	at org.eclipse.core.internal.registry.ConfigurationElementHandle.createExecutableExtension(ConfigurationElementHandle.java:55)
	at org.eclipse.ui.internal.registry.PerspectiveDescriptor.createFactory(PerspectiveDescriptor.java:75)
	at org.eclipse.ui.internal.WorkbenchPage.createPerspective(WorkbenchPage.java:4172)
	at org.eclipse.ui.internal.WorkbenchPage.setPerspective(WorkbenchPage.java:4081)
	at org.eclipse.ui.internal.WorkbenchWindow.setup(WorkbenchWindow.java:744)
	at sun.reflect.NativeMethodAccessorImpl.invoke0(Native Method)
	at sun.reflect.NativeMethodAccessorImpl.invoke(Unknown Source)
	at sun.reflect.DelegatingMethodAccessorImpl.invoke(Unknown Source)
	at java.lang.reflect.Method.invoke(Unknown Source)
	at org.eclipse.e4.core.internal.di.MethodRequestor.execute(MethodRequestor.java:55)
	at org.eclipse.e4.core.internal.di.InjectorImpl.processAnnotated(InjectorImpl.java:990)
	at org.eclipse.e4.core.internal.di.InjectorImpl.inject(InjectorImpl.java:124)
	at org.eclipse.e4.core.internal.di.InjectorImpl.inject(InjectorImpl.java:91)
	at org.eclipse.e4.core.contexts.ContextInjectionFactory.inject(ContextInjectionFactory.java:73)
	at org.eclipse.ui.internal.Workbench.createWorkbenchWindow(Workbench.java:1494)
	at org.eclipse.ui.internal.Workbench.getActiveWorkbenchWindow(Workbench.java:1468)
	at org.eclipse.ui.internal.services.WorkbenchSourceProvider.updateActiveShell(WorkbenchSourceProvider.java:907)
	at org.eclipse.ui.internal.services.WorkbenchSourceProvider.getCurrentState(WorkbenchSourceProvider.java:115)
	at org.eclipse.ui.internal.services.WorkbenchSourceProvider.lambda$2(WorkbenchSourceProvider.java:668)
	at org.eclipse.swt.widgets.EventTable.sendEvent(EventTable.java:86)
	at org.eclipse.swt.widgets.Display.filterEvent(Display.java:1271)
	at org.eclipse.swt.widgets.Widget.sendEvent(Widget.java:1078)
	at org.eclipse.swt.widgets.Widget.sendEvent(Widget.java:1103)
	at org.eclipse.swt.widgets.Widget.sendEvent(Widget.java:1088)
	at org.eclipse.swt.widgets.Decorations.WM_ACTIVATE(Decorations.java:1698)
	at org.eclipse.swt.widgets.Shell.WM_ACTIVATE(Shell.java:2277)
	at org.eclipse.swt.widgets.Control.windowProc(Control.java:4840)
	at org.eclipse.swt.widgets.Canvas.windowProc(Canvas.java:359)
	at org.eclipse.swt.widgets.Decorations.windowProc(Decorations.java:1657)
	at org.eclipse.swt.widgets.Shell.windowProc(Shell.java:2199)
	at org.eclipse.swt.widgets.Display.windowProc(Display.java:5178)
	at org.eclipse.swt.internal.win32.OS.BringWindowToTop(Native Method)
	at org.eclipse.swt.widgets.Decorations.bringToTop(Decorations.java:232)
	at org.eclipse.swt.widgets.Shell.open(Shell.java:1270)
	at org.eclipse.e4.ui.workbench.renderers.swt.WBWRenderer.postProcess(WBWRenderer.java:784)
	at org.eclipse.e4.ui.internal.workbench.swt.PartRenderingEngine.safeCreateGui(PartRenderingEngine.java:679)
	at org.eclipse.e4.ui.internal.workbench.swt.PartRenderingEngine.safeCreateGui(PartRenderingEngine.java:767)
	at org.eclipse.e4.ui.internal.workbench.swt.PartRenderingEngine.access$0(PartRenderingEngine.java:738)
	at org.eclipse.e4.ui.internal.workbench.swt.PartRenderingEngine$2.run(PartRenderingEngine.java:732)
	at org.eclipse.core.runtime.SafeRunner.run(SafeRunner.java:42)
	at org.eclipse.e4.ui.internal.workbench.swt.PartRenderingEngine.createGui(PartRenderingEngine.java:716)
	at org.eclipse.e4.ui.internal.workbench.swt.PartRenderingEngine$5.run(PartRenderingEngine.java:1076)
	at org.eclipse.core.databinding.observable.Realm.runWithDefault(Realm.java:336)
	at org.eclipse.e4.ui.internal.workbench.swt.PartRenderingEngine.run(PartRenderingEngine.java:1039)
	at org.eclipse.e4.ui.internal.workbench.E4Workbench.createAndRunUI(E4Workbench.java:153)
	at org.eclipse.ui.internal.Workbench.lambda$3(Workbench.java:680)
	at org.eclipse.core.databinding.observable.Realm.runWithDefault(Realm.java:336)
	at org.eclipse.ui.internal.Workbench.createAndRunWorkbench(Workbench.java:594)
	at org.eclipse.ui.PlatformUI.createAndRunWorkbench(PlatformUI.java:148)
	at org.eclipse.ui.internal.ide.application.IDEApplication.start(IDEApplication.java:151)
	at org.eclipse.equinox.internal.app.EclipseAppHandle.run(EclipseAppHandle.java:196)
	at org.eclipse.core.runtime.internal.adaptor.EclipseAppLauncher.runApplication(EclipseAppLauncher.java:134)
	at org.eclipse.core.runtime.internal.adaptor.EclipseAppLauncher.start(EclipseAppLauncher.java:104)
	at org.eclipse.core.runtime.adaptor.EclipseStarter.run(EclipseStarter.java:388)
	at org.eclipse.core.runtime.adaptor.EclipseStarter.run(EclipseStarter.java:243)
	at sun.reflect.NativeMethodAccessorImpl.invoke0(Native Method)
	at sun.reflect.NativeMethodAccessorImpl.invoke(Unknown Source)
	at sun.reflect.DelegatingMethodAccessorImpl.invoke(Unknown Source)
	at java.lang.reflect.Method.invoke(Unknown Source)
	at org.eclipse.equinox.launcher.Main.invokeFramework(Main.java:653)
	at org.eclipse.equinox.launcher.Main.basicRun(Main.java:590)
	at org.eclipse.equinox.launcher.Main.run(Main.java:1499)
Caused by: com.cedarsoftware.util.io.JsonIoException: EOF reached prematurely
	at com.cedarsoftware.util.io.JsonParser.error(JsonParser.java:584)
	at com.cedarsoftware.util.io.JsonParser.readValue(JsonParser.java:278)
	at com.cedarsoftware.util.io.JsonReader.readObject(JsonReader.java:521)
	... 101 more
2023-04-12 13:04:52,831  WARN [ModalContext] - ScalaProject - Project Twitter has platform default sourceLevel.
2023-04-12 13:04:52,833  WARN [ModalContext] - ScalaProject - Project Twitter runs on platform default installation.
2023-04-12 13:04:56,132  WARN [Worker-0] - ScalaProject - Project Twitter has platform default sourceLevel.
2023-04-12 13:04:56,133  WARN [Worker-0] - ScalaProject - Project Twitter runs on platform default installation.
2023-04-12 13:05:50,987 ERROR [main] - System.err - log4j:WARN No appenders could be found for logger (org.eclipse.m2e.core.internal.project.registry.ProjectRegistryRefreshJob).
2023-04-12 13:05:50,988 ERROR [main] - System.err - log4j:WARN Please initialize the log4j system properly.
2023-04-12 13:06:30,049  WARN [Worker-7] - ScalaProject - Project Twitter has platform default sourceLevel.
2023-04-12 13:06:30,049  WARN [Worker-7] - ScalaProject - Project Twitter runs on platform default installation.
2023-04-12 13:06:42,918  WARN [Worker-7] - ScalaProject - Project Twitter has platform default sourceLevel.
2023-04-12 13:06:42,919  WARN [Worker-7] - ScalaProject - Project Twitter runs on platform default installation.
2023-04-12 13:06:43,656  WARN [Worker-7] - ScalaProject - Project Twitter has platform default sourceLevel.
2023-04-12 13:06:43,657  WARN [Worker-7] - ScalaProject - Project Twitter runs on platform default installation.
2023-04-12 13:06:45,806  WARN [Worker-6] - ScalaProject - Project Twitter has platform default sourceLevel.
2023-04-12 13:06:45,806  WARN [Worker-6] - ScalaProject - Project Twitter runs on platform default installation.
2023-04-12 13:06:47,720  WARN [Worker-8] - ScalaProject - Project Twitter has platform default sourceLevel.
2023-04-12 13:06:47,720  WARN [Worker-8] - ScalaProject - Project Twitter runs on platform default installation.
2023-04-12 13:06:48,347  WARN [Worker-0] - ScalaProject - Project Twitter has platform default sourceLevel.
2023-04-12 13:06:48,347  WARN [Worker-0] - ScalaProject - Project Twitter runs on platform default installation.
2023-04-12 13:06:49,073  WARN [Worker-8] - ScalaProject - Project Twitter has platform default sourceLevel.
2023-04-12 13:06:49,073  WARN [Worker-8] - ScalaProject - Project Twitter runs on platform default installation.
2023-04-12 13:06:49,086  WARN [Worker-8] - ScalaProject - Project Twitter has platform default sourceLevel.
2023-04-12 13:06:49,086  WARN [Worker-8] - ScalaProject - Project Twitter runs on platform default installation.
2023-04-12 13:08:37,792  WARN [Worker-0] - ScalaProject - Project Twitter has platform default sourceLevel.
2023-04-12 13:08:37,793  WARN [Worker-0] - ScalaProject - Project Twitter runs on platform default installation.
2023-04-12 13:08:39,624  WARN [Worker-8] - ScalaProject - Project Twitter has platform default sourceLevel.
2023-04-12 13:08:39,624  WARN [Worker-8] - ScalaProject - Project Twitter runs on platform default installation.
2023-04-12 13:09:26,152  WARN [Worker-0] - ScalaProject - Project Twitter has platform default sourceLevel.
2023-04-12 13:09:26,152  WARN [Worker-0] - ScalaProject - Project Twitter runs on platform default installation.
2023-04-12 13:09:49,098  WARN [Worker-0] - ScalaProject - Project Twitter has platform default sourceLevel.
2023-04-12 13:09:49,099  WARN [Worker-0] - ScalaProject - Project Twitter runs on platform default installation.
2023-04-12 13:12:03,541  WARN [main] - ScalaProject - Project Twitter has platform default sourceLevel.
2023-04-12 13:12:03,541  WARN [main] - ScalaProject - Project Twitter runs on platform default installation.
2023-04-12 14:02:44,962 ERROR [Text Viewer Hover Presenter] - IScalaPresentationCompiler$ - Ignoring InterruptException
2023-04-12 14:02:44,962 ERROR [Text Viewer Hover Presenter] - IScalaPresentationCompiler$ - Ignoring InterruptException
2023-04-12 14:02:44,963 ERROR [Text Viewer Hover Presenter] - IScalaPresentationCompiler$ - Ignoring InterruptException
2023-04-12 14:07:00,969 ERROR [main] - org.scala-ide.sdt.core - org.scala-ide.sdt.core - org.scala-ide.sdt.core - 0 - Throwable during asyncExec
java.util.NoSuchElementException: key not found: org/apache/spark/MapOutputTracker.scala
	at scala.collection.MapLike.default(MapLike.scala:232)
	at scala.collection.MapLike.default$(MapLike.scala:231)
	at scala.collection.AbstractMap.default(Map.scala:59)
	at scala.collection.MapLike.apply(MapLike.scala:141)
	at scala.collection.MapLike.apply$(MapLike.scala:140)
	at scala.collection.AbstractMap.apply(Map.scala:59)
	at scala.tools.nsc.interactive.Global.$anonfun$withTempUnits$1(Global.scala:839)
	at scala.tools.nsc.interactive.Global.$anonfun$getDocComment$3(Global.scala:938)
	at scala.tools.nsc.interactive.Global.$anonfun$getDocComment$2(Global.scala:842)
	at scala.tools.nsc.interactive.Global.$anonfun$respond$1(Global.scala:688)
	at scala.tools.nsc.interactive.Global.respondGradually(Global.scala:695)
	at scala.tools.nsc.interactive.Global.respond(Global.scala:688)
	at scala.tools.nsc.interactive.Global.getDocComment(Global.scala:933)
	at scala.tools.nsc.interactive.CompilerControl$AskDocCommentItem.apply$mcV$sp(CompilerControl.scala:383)
	at scala.tools.nsc.interactive.Global.$anonfun$pollForWork$1(Global.scala:493)
	at scala.tools.nsc.interactive.Global.pollForWork(Global.scala:418)
	at scala.tools.nsc.interactive.PresentationCompilerThread.run(PresentationCompilerThread.scala:22)
2023-04-12 14:09:28,727 ERROR [Text Viewer Hover Presenter] - IScalaPresentationCompiler$ - Ignoring InterruptException
2023-04-12 14:09:28,727 ERROR [Text Viewer Hover Presenter] - IScalaPresentationCompiler$ - Ignoring InterruptException
2023-04-12 14:09:28,727 ERROR [Text Viewer Hover Presenter] - IScalaPresentationCompiler$ - Ignoring InterruptException
2023-04-12 14:09:47,570 ERROR [Text Viewer Hover Presenter] - IScalaPresentationCompiler$ - Ignoring InterruptException
2023-04-12 14:09:47,570 ERROR [Text Viewer Hover Presenter] - IScalaPresentationCompiler$ - Ignoring InterruptException
2023-04-12 14:09:47,570 ERROR [Text Viewer Hover Presenter] - IScalaPresentationCompiler$ - Ignoring InterruptException
2023-04-12 14:09:47,570 ERROR [Text Viewer Hover Presenter] - IScalaPresentationCompiler$ - Ignoring InterruptException
2023-04-12 14:09:47,570 ERROR [Text Viewer Hover Presenter] - IScalaPresentationCompiler$ - Ignoring InterruptException
2023-04-12 14:09:47,571 ERROR [Text Viewer Hover Presenter] - IScalaPresentationCompiler$ - Ignoring InterruptException
2023-04-12 14:09:47,571 ERROR [Text Viewer Hover Presenter] - IScalaPresentationCompiler$ - Ignoring InterruptException
2023-04-12 14:09:47,571 ERROR [Text Viewer Hover Presenter] - IScalaPresentationCompiler$ - Ignoring InterruptException
2023-04-12 14:09:47,571 ERROR [Text Viewer Hover Presenter] - IScalaPresentationCompiler$ - Ignoring InterruptException
2023-04-12 14:09:47,571 ERROR [Text Viewer Hover Presenter] - IScalaPresentationCompiler$ - Ignoring InterruptException
2023-04-12 14:09:47,572 ERROR [Text Viewer Hover Presenter] - IScalaPresentationCompiler$ - Ignoring InterruptException
2023-04-12 14:38:48,002 ERROR [Text Viewer Hover Presenter] - IScalaPresentationCompiler$ - Ignoring InterruptException
2023-04-12 14:38:48,003 ERROR [Text Viewer Hover Presenter] - IScalaPresentationCompiler$ - Ignoring InterruptException
2023-04-12 14:38:48,004 ERROR [Text Viewer Hover Presenter] - IScalaPresentationCompiler$ - Ignoring InterruptException
2023-04-12 14:41:39,777  WARN [org.scalaide.ui.internal.reconciliation.ScalaReconciler] - TraverserImpl$ - Skipping annotation, position length = 0, position offset = 835
2023-04-12 14:41:39,778  WARN [org.scalaide.ui.internal.reconciliation.ScalaReconciler] - TraverserImpl$ - Skipping annotation, position length = 0, position offset = 835
2023-04-12 14:41:40,292  WARN [org.scalaide.ui.internal.reconciliation.ScalaReconciler] - TraverserImpl$ - Skipping annotation, position length = 0, position offset = 835
2023-04-12 14:41:40,293  WARN [org.scalaide.ui.internal.reconciliation.ScalaReconciler] - TraverserImpl$ - Skipping annotation, position length = 0, position offset = 835
2023-04-12 14:41:42,896  WARN [org.scalaide.ui.internal.reconciliation.ScalaReconciler] - TraverserImpl$ - Skipping annotation, position length = 0, position offset = 835
2023-04-12 14:41:42,896  WARN [org.scalaide.ui.internal.reconciliation.ScalaReconciler] - TraverserImpl$ - Skipping annotation, position length = 0, position offset = 835
2023-04-12 14:41:43,940  WARN [org.scalaide.ui.internal.reconciliation.ScalaReconciler] - TraverserImpl$ - Skipping annotation, position length = 0, position offset = 835
2023-04-12 14:41:43,941  WARN [org.scalaide.ui.internal.reconciliation.ScalaReconciler] - TraverserImpl$ - Skipping annotation, position length = 0, position offset = 835
2023-04-12 14:41:49,036  WARN [org.scalaide.ui.internal.reconciliation.ScalaReconciler] - TraverserImpl$ - Skipping annotation, position length = 0, position offset = 835
2023-04-12 14:41:49,037  WARN [org.scalaide.ui.internal.reconciliation.ScalaReconciler] - TraverserImpl$ - Skipping annotation, position length = 0, position offset = 835
2023-04-12 14:41:50,113  WARN [org.scalaide.ui.internal.reconciliation.ScalaReconciler] - TraverserImpl$ - Skipping annotation, position length = 0, position offset = 835
2023-04-12 14:41:50,113  WARN [org.scalaide.ui.internal.reconciliation.ScalaReconciler] - TraverserImpl$ - Skipping annotation, position length = 0, position offset = 835
2023-04-12 14:41:50,651  WARN [org.scalaide.ui.internal.reconciliation.ScalaReconciler] - TraverserImpl$ - Skipping annotation, position length = 0, position offset = 835
2023-04-12 14:41:50,651  WARN [org.scalaide.ui.internal.reconciliation.ScalaReconciler] - TraverserImpl$ - Skipping annotation, position length = 0, position offset = 835
2023-04-12 14:41:51,712  WARN [org.scalaide.ui.internal.reconciliation.ScalaReconciler] - TraverserImpl$ - Skipping annotation, position length = 0, position offset = 835
2023-04-12 14:41:51,713  WARN [org.scalaide.ui.internal.reconciliation.ScalaReconciler] - TraverserImpl$ - Skipping annotation, position length = 0, position offset = 835
2023-04-12 14:41:53,816  WARN [org.scalaide.ui.internal.reconciliation.ScalaReconciler] - TraverserImpl$ - Skipping annotation, position length = 0, position offset = 835
2023-04-12 14:41:53,817  WARN [org.scalaide.ui.internal.reconciliation.ScalaReconciler] - TraverserImpl$ - Skipping annotation, position length = 0, position offset = 835
2023-04-12 14:41:55,403  WARN [org.scalaide.ui.internal.reconciliation.ScalaReconciler] - TraverserImpl$ - Skipping annotation, position length = 0, position offset = 835
2023-04-12 14:41:55,404  WARN [org.scalaide.ui.internal.reconciliation.ScalaReconciler] - TraverserImpl$ - Skipping annotation, position length = 0, position offset = 835
2023-04-12 14:42:04,542  WARN [org.scalaide.ui.internal.reconciliation.ScalaReconciler] - TraverserImpl$ - Skipping annotation, position length = 0, position offset = 835
2023-04-12 14:42:04,542  WARN [org.scalaide.ui.internal.reconciliation.ScalaReconciler] - TraverserImpl$ - Skipping annotation, position length = 0, position offset = 835
2023-04-12 14:42:05,083  WARN [org.scalaide.ui.internal.reconciliation.ScalaReconciler] - TraverserImpl$ - Skipping annotation, position length = 0, position offset = 835
2023-04-12 14:42:05,084  WARN [org.scalaide.ui.internal.reconciliation.ScalaReconciler] - TraverserImpl$ - Skipping annotation, position length = 0, position offset = 835
2023-04-12 14:42:07,686  WARN [org.scalaide.ui.internal.reconciliation.ScalaReconciler] - TraverserImpl$ - Skipping annotation, position length = 0, position offset = 835
2023-04-12 14:42:07,687  WARN [org.scalaide.ui.internal.reconciliation.ScalaReconciler] - TraverserImpl$ - Skipping annotation, position length = 0, position offset = 835
2023-04-12 14:42:07,687  WARN [org.scalaide.ui.internal.reconciliation.ScalaReconciler] - TraverserImpl$ - Skipping annotation, position length = 0, position offset = 835
2023-04-12 14:42:10,805  WARN [org.scalaide.ui.internal.reconciliation.ScalaReconciler] - TraverserImpl$ - Skipping annotation, position length = 0, position offset = 835
2023-04-12 14:42:10,806  WARN [org.scalaide.ui.internal.reconciliation.ScalaReconciler] - TraverserImpl$ - Skipping annotation, position length = 0, position offset = 835
2023-04-12 14:42:10,806  WARN [org.scalaide.ui.internal.reconciliation.ScalaReconciler] - TraverserImpl$ - Skipping annotation, position length = 0, position offset = 835
2023-04-12 14:42:17,496  WARN [org.scalaide.ui.internal.reconciliation.ScalaReconciler] - TraverserImpl$ - Skipping annotation, position length = 0, position offset = 835
2023-04-12 14:42:17,497  WARN [org.scalaide.ui.internal.reconciliation.ScalaReconciler] - TraverserImpl$ - Skipping annotation, position length = 0, position offset = 835
2023-04-12 14:42:18,588  WARN [org.scalaide.ui.internal.reconciliation.ScalaReconciler] - TraverserImpl$ - Skipping annotation, position length = 0, position offset = 835
2023-04-12 14:42:18,589  WARN [org.scalaide.ui.internal.reconciliation.ScalaReconciler] - TraverserImpl$ - Skipping annotation, position length = 0, position offset = 835
2023-04-12 14:42:28,819  WARN [org.scalaide.ui.internal.reconciliation.ScalaReconciler] - TraverserImpl$ - Skipping annotation, position length = 0, position offset = 835
2023-04-12 14:42:28,820  WARN [org.scalaide.ui.internal.reconciliation.ScalaReconciler] - TraverserImpl$ - Skipping annotation, position length = 0, position offset = 835
2023-04-12 14:42:29,890  WARN [org.scalaide.ui.internal.reconciliation.ScalaReconciler] - TraverserImpl$ - Skipping annotation, position length = 0, position offset = 835
2023-04-12 14:42:29,891  WARN [org.scalaide.ui.internal.reconciliation.ScalaReconciler] - TraverserImpl$ - Skipping annotation, position length = 0, position offset = 835
2023-04-13 09:48:28,748  WARN [org.scalaide.ui.internal.reconciliation.ScalaReconciler] - ImplicitHighlightingPresenter - Timeout while waiting for `askLoadedTyped` during semantic highlighting.
2023-04-13 09:48:47,275 ERROR [main] - org.scala-ide.sdt.core - org.scala-ide.sdt.core - org.scala-ide.sdt.core - 0 - An error occurred while trying to create a file.
org.eclipse.core.internal.resources.ResourceException: Resource '/Twitter/src/curso/openwebinar/twitter/Ejercicio_2.scala' already exists.
	at org.eclipse.core.internal.resources.Resource.checkDoesNotExist(Resource.java:314)
	at org.eclipse.core.internal.resources.Resource.checkDoesNotExist(Resource.java:301)
	at org.eclipse.core.internal.resources.File.create(File.java:107)
	at org.eclipse.core.internal.resources.File.create(File.java:181)
	at org.scalaide.util.eclipse.FileUtils$.$anonfun$createFile$1(FileUtils.scala:112)
	at scala.runtime.java8.JFunction0$mcV$sp.apply(JFunction0$mcV$sp.java:12)
	at scala.util.Try$.apply(Try.scala:209)
	at org.scalaide.util.eclipse.FileUtils$.createFile(FileUtils.scala:110)
	at org.scalaide.ui.internal.wizards.NewFileWizard.$anonfun$okPressed$13(NewFileWizard.scala:284)
	at org.scalaide.ui.internal.wizards.NewFileWizard.$anonfun$okPressed$13$adapted(NewFileWizard.scala:283)
	at scala.Option.foreach(Option.scala:257)
	at org.scalaide.ui.internal.wizards.NewFileWizard.okPressed(NewFileWizard.scala:283)
	at org.scalaide.ui.internal.wizards.NewFileWizard.okPressed$(NewFileWizard.scala:230)
	at org.scalaide.ui.internal.wizards.NewFileWizardAdapter$$anon$1.okPressed(NewFileWizardAdapter.scala:28)
	at org.scalaide.ui.internal.wizards.NewFileWizardAdapter.performFinish(NewFileWizardAdapter.scala:55)
	at org.eclipse.jface.wizard.WizardDialog.finishPressed(WizardDialog.java:778)
	at org.eclipse.jface.wizard.WizardDialog.buttonPressed(WizardDialog.java:417)
	at org.eclipse.jface.dialogs.Dialog.lambda$0(Dialog.java:619)
	at org.eclipse.swt.events.SelectionListener$1.widgetSelected(SelectionListener.java:81)
	at org.eclipse.swt.widgets.TypedListener.handleEvent(TypedListener.java:249)
	at org.eclipse.swt.widgets.EventTable.sendEvent(EventTable.java:86)
	at org.eclipse.swt.widgets.Display.sendEvent(Display.java:4428)
	at org.eclipse.swt.widgets.Widget.sendEvent(Widget.java:1079)
	at org.eclipse.swt.widgets.Display.runDeferredEvents(Display.java:4238)
	at org.eclipse.swt.widgets.Display.readAndDispatch(Display.java:3817)
	at org.eclipse.ui.internal.dialogs.EventLoopProgressMonitor.runEventLoop(EventLoopProgressMonitor.java:125)
	at org.eclipse.ui.internal.dialogs.EventLoopProgressMonitor.isCanceled(EventLoopProgressMonitor.java:99)
	at org.eclipse.core.internal.jobs.ThreadJob.isCanceled(ThreadJob.java:144)
	at org.eclipse.core.internal.jobs.ThreadJob.waitForRun(ThreadJob.java:250)
	at org.eclipse.core.internal.jobs.ThreadJob.joinRun(ThreadJob.java:199)
	at org.eclipse.core.internal.jobs.ImplicitJobs.begin(ImplicitJobs.java:92)
	at org.eclipse.core.internal.jobs.JobManager.beginRule(JobManager.java:308)
	at org.eclipse.core.internal.resources.WorkManager.checkIn(WorkManager.java:121)
	at org.eclipse.core.internal.resources.Workspace.prepareOperation(Workspace.java:2188)
	at org.eclipse.core.internal.resources.File.setContents(File.java:334)
	at org.eclipse.core.internal.resources.File.setContents(File.java:434)
	at org.scalaide.ui.internal.wizards.NewFileWizard.openFileInSrcDir$1(NewFileWizard.scala:367)
	at org.scalaide.ui.internal.wizards.NewFileWizard.openEditor(NewFileWizard.scala:375)
	at org.scalaide.ui.internal.wizards.NewFileWizard.$anonfun$okPressed$13(NewFileWizard.scala:287)
	at org.scalaide.ui.internal.wizards.NewFileWizard.$anonfun$okPressed$13$adapted(NewFileWizard.scala:283)
	at scala.Option.foreach(Option.scala:257)
	at org.scalaide.ui.internal.wizards.NewFileWizard.okPressed(NewFileWizard.scala:283)
	at org.scalaide.ui.internal.wizards.NewFileWizard.okPressed$(NewFileWizard.scala:230)
	at org.scalaide.ui.internal.wizards.NewFileWizardAdapter$$anon$1.okPressed(NewFileWizardAdapter.scala:28)
	at org.scalaide.ui.internal.wizards.NewFileWizardAdapter.performFinish(NewFileWizardAdapter.scala:55)
	at org.eclipse.jface.wizard.WizardDialog.finishPressed(WizardDialog.java:778)
	at org.eclipse.jface.wizard.WizardDialog.buttonPressed(WizardDialog.java:417)
	at org.eclipse.jface.dialogs.Dialog.lambda$0(Dialog.java:619)
	at org.eclipse.swt.events.SelectionListener$1.widgetSelected(SelectionListener.java:81)
	at org.eclipse.swt.widgets.TypedListener.handleEvent(TypedListener.java:249)
	at org.eclipse.swt.widgets.EventTable.sendEvent(EventTable.java:86)
	at org.eclipse.swt.widgets.Display.sendEvent(Display.java:4428)
	at org.eclipse.swt.widgets.Widget.sendEvent(Widget.java:1079)
	at org.eclipse.swt.widgets.Display.runDeferredEvents(Display.java:4238)
	at org.eclipse.swt.widgets.Display.readAndDispatch(Display.java:3817)
	at org.eclipse.jface.window.Window.runEventLoop(Window.java:818)
	at org.eclipse.jface.window.Window.open(Window.java:794)
	at org.eclipse.ui.internal.actions.NewWizardShortcutAction.run(NewWizardShortcutAction.java:133)
	at org.eclipse.jface.action.Action.runWithEvent(Action.java:473)
	at org.eclipse.jface.action.ActionContributionItem.handleWidgetSelection(ActionContributionItem.java:565)
	at org.eclipse.jface.action.ActionContributionItem.lambda$4(ActionContributionItem.java:397)
	at org.eclipse.swt.widgets.EventTable.sendEvent(EventTable.java:86)
	at org.eclipse.swt.widgets.Display.sendEvent(Display.java:4428)
	at org.eclipse.swt.widgets.Widget.sendEvent(Widget.java:1079)
	at org.eclipse.swt.widgets.Display.runDeferredEvents(Display.java:4238)
	at org.eclipse.swt.widgets.Display.readAndDispatch(Display.java:3817)
	at org.eclipse.e4.ui.internal.workbench.swt.PartRenderingEngine$5.run(PartRenderingEngine.java:1150)
	at org.eclipse.core.databinding.observable.Realm.runWithDefault(Realm.java:336)
	at org.eclipse.e4.ui.internal.workbench.swt.PartRenderingEngine.run(PartRenderingEngine.java:1039)
	at org.eclipse.e4.ui.internal.workbench.E4Workbench.createAndRunUI(E4Workbench.java:153)
	at org.eclipse.ui.internal.Workbench.lambda$3(Workbench.java:680)
	at org.eclipse.core.databinding.observable.Realm.runWithDefault(Realm.java:336)
	at org.eclipse.ui.internal.Workbench.createAndRunWorkbench(Workbench.java:594)
	at org.eclipse.ui.PlatformUI.createAndRunWorkbench(PlatformUI.java:148)
	at org.eclipse.ui.internal.ide.application.IDEApplication.start(IDEApplication.java:151)
	at org.eclipse.equinox.internal.app.EclipseAppHandle.run(EclipseAppHandle.java:196)
	at org.eclipse.core.runtime.internal.adaptor.EclipseAppLauncher.runApplication(EclipseAppLauncher.java:134)
	at org.eclipse.core.runtime.internal.adaptor.EclipseAppLauncher.start(EclipseAppLauncher.java:104)
	at org.eclipse.core.runtime.adaptor.EclipseStarter.run(EclipseStarter.java:388)
	at org.eclipse.core.runtime.adaptor.EclipseStarter.run(EclipseStarter.java:243)
	at sun.reflect.NativeMethodAccessorImpl.invoke0(Native Method)
	at sun.reflect.NativeMethodAccessorImpl.invoke(Unknown Source)
	at sun.reflect.DelegatingMethodAccessorImpl.invoke(Unknown Source)
	at java.lang.reflect.Method.invoke(Unknown Source)
	at org.eclipse.equinox.launcher.Main.invokeFramework(Main.java:653)
	at org.eclipse.equinox.launcher.Main.basicRun(Main.java:590)
	at org.eclipse.equinox.launcher.Main.run(Main.java:1499)
2023-04-13 09:48:51,981 ERROR [Worker-12] - System.err - log4j:WARN No appenders could be found for logger (org.eclipse.m2e.core.internal.builder.MavenBuilder).
2023-04-13 09:48:51,992 ERROR [Worker-12] - System.err - log4j:WARN Please initialize the log4j system properly.
2023-04-13 09:51:09,945 ERROR [Text Viewer Hover Presenter] - IScalaPresentationCompiler$ - Ignoring InterruptException
2023-04-13 09:51:09,945 ERROR [Text Viewer Hover Presenter] - IScalaPresentationCompiler$ - Ignoring InterruptException
2023-04-13 09:51:09,946 ERROR [Text Viewer Hover Presenter] - IScalaPresentationCompiler$ - Ignoring InterruptException
2023-04-13 09:51:09,946 ERROR [Text Viewer Hover Presenter] - IScalaPresentationCompiler$ - Ignoring InterruptException
2023-04-13 09:51:09,946 ERROR [Text Viewer Hover Presenter] - IScalaPresentationCompiler$ - Ignoring InterruptException
2023-04-13 09:51:09,947 ERROR [Text Viewer Hover Presenter] - IScalaPresentationCompiler$ - Ignoring InterruptException
2023-04-13 09:51:09,947 ERROR [Text Viewer Hover Presenter] - IScalaPresentationCompiler$ - Ignoring InterruptException
2023-04-13 09:51:09,947 ERROR [Text Viewer Hover Presenter] - IScalaPresentationCompiler$ - Ignoring InterruptException
2023-04-13 09:51:09,948 ERROR [Text Viewer Hover Presenter] - IScalaPresentationCompiler$ - Ignoring InterruptException
2023-04-13 09:51:09,950 ERROR [Text Viewer Hover Presenter] - IScalaPresentationCompiler$ - Ignoring InterruptException
2023-04-13 09:51:09,952 ERROR [Text Viewer Hover Presenter] - IScalaPresentationCompiler$ - Ignoring InterruptException
2023-04-13 09:53:06,400  WARN [org.scalaide.ui.internal.reconciliation.ScalaReconciler] - TraverserImpl$ - Skipping annotation, position length = 0, position offset = 894
2023-04-13 09:53:08,067  WARN [org.scalaide.ui.internal.reconciliation.ScalaReconciler] - TraverserImpl$ - Skipping annotation, position length = 0, position offset = 894
2023-04-13 09:53:12,236  WARN [org.scalaide.ui.internal.reconciliation.ScalaReconciler] - TraverserImpl$ - Skipping annotation, position length = 0, position offset = 894
2023-04-13 09:53:29,788  WARN [org.scalaide.ui.internal.reconciliation.ScalaReconciler] - TraverserImpl$ - Skipping annotation, position length = 0, position offset = 894
2023-04-13 09:53:31,510  WARN [org.scalaide.ui.internal.reconciliation.ScalaReconciler] - TraverserImpl$ - Skipping annotation, position length = 0, position offset = 894
2023-04-13 09:53:33,190  WARN [org.scalaide.ui.internal.reconciliation.ScalaReconciler] - TraverserImpl$ - Skipping annotation, position length = 0, position offset = 894
2023-04-13 09:53:34,244  WARN [org.scalaide.ui.internal.reconciliation.ScalaReconciler] - TraverserImpl$ - Skipping annotation, position length = 0, position offset = 894
2023-04-13 09:55:55,123 ERROR [Text Viewer Hover Presenter] - IScalaPresentationCompiler$ - Ignoring InterruptException
2023-04-13 09:55:55,135 ERROR [Text Viewer Hover Presenter] - IScalaPresentationCompiler$ - Ignoring InterruptException
2023-04-13 09:58:20,886  WARN [org.scalaide.ui.internal.reconciliation.ScalaReconciler] - TraverserImpl$ - Skipping annotation, position length = 0, position offset = 1146
2023-04-13 09:58:21,450  WARN [org.scalaide.ui.internal.reconciliation.ScalaReconciler] - TraverserImpl$ - Skipping annotation, position length = 0, position offset = 1146
2023-04-13 10:04:21,959 ERROR [Text Viewer Hover Presenter] - IScalaPresentationCompiler$ - Ignoring InterruptException
2023-04-13 10:04:21,960 ERROR [Text Viewer Hover Presenter] - IScalaPresentationCompiler$ - Ignoring InterruptException
2023-04-13 10:04:21,960 ERROR [Text Viewer Hover Presenter] - IScalaPresentationCompiler$ - Ignoring InterruptException
2023-04-13 10:04:21,960 ERROR [Text Viewer Hover Presenter] - IScalaPresentationCompiler$ - Ignoring InterruptException
2023-04-13 10:04:21,961 ERROR [Text Viewer Hover Presenter] - IScalaPresentationCompiler$ - Ignoring InterruptException
2023-04-13 10:04:21,961 ERROR [Text Viewer Hover Presenter] - IScalaPresentationCompiler$ - Ignoring InterruptException
2023-04-13 10:04:21,964 ERROR [Text Viewer Hover Presenter] - IScalaPresentationCompiler$ - Ignoring InterruptException
2023-04-13 10:04:21,964 ERROR [Text Viewer Hover Presenter] - IScalaPresentationCompiler$ - Ignoring InterruptException
2023-04-13 10:04:21,965 ERROR [Text Viewer Hover Presenter] - IScalaPresentationCompiler$ - Ignoring InterruptException
2023-04-13 10:04:21,965 ERROR [Text Viewer Hover Presenter] - IScalaPresentationCompiler$ - Ignoring InterruptException
2023-04-13 10:04:21,966 ERROR [Text Viewer Hover Presenter] - IScalaPresentationCompiler$ - Ignoring InterruptException
2023-04-13 10:04:21,966 ERROR [Text Viewer Hover Presenter] - IScalaPresentationCompiler$ - Ignoring InterruptException
2023-04-13 10:04:21,966 ERROR [Text Viewer Hover Presenter] - IScalaPresentationCompiler$ - Ignoring InterruptException
2023-04-13 10:04:21,967 ERROR [Text Viewer Hover Presenter] - IScalaPresentationCompiler$ - Ignoring InterruptException
2023-04-13 10:04:21,967 ERROR [Text Viewer Hover Presenter] - IScalaPresentationCompiler$ - Ignoring InterruptException
2023-04-13 10:04:21,967 ERROR [Text Viewer Hover Presenter] - IScalaPresentationCompiler$ - Ignoring InterruptException
2023-04-13 10:04:21,968 ERROR [Text Viewer Hover Presenter] - IScalaPresentationCompiler$ - Ignoring InterruptException
2023-04-13 10:04:21,968 ERROR [Text Viewer Hover Presenter] - IScalaPresentationCompiler$ - Ignoring InterruptException
2023-04-13 10:04:21,968 ERROR [Text Viewer Hover Presenter] - IScalaPresentationCompiler$ - Ignoring InterruptException
2023-04-13 10:04:21,970 ERROR [Text Viewer Hover Presenter] - IScalaPresentationCompiler$ - Ignoring InterruptException
2023-04-13 10:04:31,953 ERROR [Text Viewer Hover Presenter] - IScalaPresentationCompiler$ - Ignoring InterruptException
2023-04-13 10:04:31,953 ERROR [Text Viewer Hover Presenter] - IScalaPresentationCompiler$ - Ignoring InterruptException
2023-04-13 10:04:31,954 ERROR [Text Viewer Hover Presenter] - IScalaPresentationCompiler$ - Ignoring InterruptException
2023-04-13 10:04:31,955 ERROR [Text Viewer Hover Presenter] - IScalaPresentationCompiler$ - Ignoring InterruptException
2023-04-13 10:04:31,957 ERROR [Text Viewer Hover Presenter] - IScalaPresentationCompiler$ - Ignoring InterruptException
2023-04-13 10:07:03,074 ERROR [Text Viewer Hover Presenter] - IScalaPresentationCompiler$ - Ignoring InterruptException
2023-04-13 10:07:03,074 ERROR [Text Viewer Hover Presenter] - IScalaPresentationCompiler$ - Ignoring InterruptException
2023-04-13 10:10:27,075 ERROR [Text Viewer Hover Presenter] - IScalaPresentationCompiler$ - Ignoring InterruptException
2023-04-13 10:10:27,077 ERROR [Text Viewer Hover Presenter] - IScalaPresentationCompiler$ - Ignoring InterruptException
2023-04-13 12:53:25,745 ERROR [Worker-5] - System.err - log4j:WARN No appenders could be found for logger (org.eclipse.m2e.core.internal.builder.MavenBuilder).
2023-04-13 12:53:25,748 ERROR [Worker-5] - System.err - log4j:WARN Please initialize the log4j system properly.
